This is pdfTeX, Version 3.141592653-2.6-1.40.22 (TeX Live 2022/dev/Debian) (preloaded format=pdflatex 2022.12.11)  11 DEC 2022 11:02
entering extended mode
 restricted \write18 enabled.
 %&-line parsing enabled.
**00-preamble.tex
(./00-preamble.tex
LaTeX2e <2021-11-15> patch level 1
L3 programming layer <2022-01-21>

! LaTeX Error: \usepackage before \documentclass.

See the LaTeX manual or LaTeX Companion for explanation.
Type  H <return>  for immediate help.
 ...                                              
                                                  
l.1 \usepackage[english,russian]{
                                 babel}
\usepackage may only appear in the document preamble, i.e.,
between \documentclass and \begin{document}.


! LaTeX Error: \usepackage before \documentclass.

See the LaTeX manual or LaTeX Companion for explanation.
Type  H <return>  for immediate help.
 ...                                              
                                                  
l.2 \usepackage[T2A]{
                     fontenc}
\usepackage may only appear in the document preamble, i.e.,
between \documentclass and \begin{document}.


! LaTeX Error: \usepackage before \documentclass.

See the LaTeX manual or LaTeX Companion for explanation.
Type  H <return>  for immediate help.
 ...                                              
                                                  
l.3 \usepackage[utf8]{
                      inputenc}
\usepackage may only appear in the document preamble, i.e.,
between \documentclass and \begin{document}.


! LaTeX Error: \usepackage before \documentclass.

See the LaTeX manual or LaTeX Companion for explanation.
Type  H <return>  for immediate help.
 ...                                              
                                                  
l.8 \usepackage{
                indentfirst}
\usepackage may only appear in the document preamble, i.e.,
between \documentclass and \begin{document}.


! LaTeX Error: \usepackage before \documentclass.

See the LaTeX manual or LaTeX Companion for explanation.
Type  H <return>  for immediate help.
 ...                                              
                                                  
l.9 \usepackage{
                graphicx}
\usepackage may only appear in the document preamble, i.e.,
between \documentclass and \begin{document}.


! LaTeX Error: \usepackage before \documentclass.

See the LaTeX manual or LaTeX Companion for explanation.
Type  H <return>  for immediate help.
 ...                                              
                                                  
l.10 \usepackage{
                 multirow}
\usepackage may only appear in the document preamble, i.e.,
between \documentclass and \begin{document}.


! LaTeX Error: \usepackage before \documentclass.

See the LaTeX manual or LaTeX Companion for explanation.
Type  H <return>  for immediate help.
 ...                                              
                                                  
l.11 \usepackage{
                 geometry}
\usepackage may only appear in the document preamble, i.e.,
between \documentclass and \begin{document}.


! LaTeX Error: \usepackage before \documentclass.

See the LaTeX manual or LaTeX Companion for explanation.
Type  H <return>  for immediate help.
 ...                                              
                                                  
l.12 \usepackage{
                 setspace}
\usepackage may only appear in the document preamble, i.e.,
between \documentclass and \begin{document}.


! LaTeX Error: \usepackage before \documentclass.

See the LaTeX manual or LaTeX Companion for explanation.
Type  H <return>  for immediate help.
 ...                                              
                                                  
l.13 \usepackage{
                 enumitem}
\usepackage may only appear in the document preamble, i.e.,
between \documentclass and \begin{document}.


! LaTeX Error: \usepackage before \documentclass.

See the LaTeX manual or LaTeX Companion for explanation.
Type  H <return>  for immediate help.
 ...                                              
                                                  
l.14 \usepackage{
                 booktabs}
\usepackage may only appear in the document preamble, i.e.,
between \documentclass and \begin{document}.


! LaTeX Error: \usepackage before \documentclass.

See the LaTeX manual or LaTeX Companion for explanation.
Type  H <return>  for immediate help.
 ...                                              
                                                  
l.15 \usepackage{
                 amsmath}
\usepackage may only appear in the document preamble, i.e.,
between \documentclass and \begin{document}.


! LaTeX Error: \usepackage before \documentclass.

See the LaTeX manual or LaTeX Companion for explanation.
Type  H <return>  for immediate help.
 ...                                              
                                                  
l.16 \usepackage{
                 soulpos}
\usepackage may only appear in the document preamble, i.e.,
between \documentclass and \begin{document}.


! LaTeX Error: \usepackage before \documentclass.

See the LaTeX manual or LaTeX Companion for explanation.
Type  H <return>  for immediate help.
 ...                                              
                                                  
l.17 \usepackage{
                 array}
\usepackage may only appear in the document preamble, i.e.,
between \documentclass and \begin{document}.


! LaTeX Error: \usepackage before \documentclass.

See the LaTeX manual or LaTeX Companion for explanation.
Type  H <return>  for immediate help.
 ...                                              
                                                  
l.18 \usepackage{
                 float}
\usepackage may only appear in the document preamble, i.e.,
between \documentclass and \begin{document}.


! LaTeX Error: \usepackage before \documentclass.

See the LaTeX manual or LaTeX Companion for explanation.
Type  H <return>  for immediate help.
 ...                                              
                                                  
l.19 \usepackage{
                 soul}
\usepackage may only appear in the document preamble, i.e.,
between \documentclass and \begin{document}.


! LaTeX Error: \usepackage before \documentclass.

See the LaTeX manual or LaTeX Companion for explanation.
Type  H <return>  for immediate help.
 ...                                              
                                                  
l.20 \usepackage{
                 ulem}
\usepackage may only appear in the document preamble, i.e.,
between \documentclass and \begin{document}.

! Undefined control sequence.
l.22 \newgeometry
                 {top=2cm,bottom=2cm,right=1cm,left=3cm}
The control sequence at the end of the top line
of your error message was never \def'ed. If you have
misspelled it (e.g., `\hobx'), type `I' and the correct
spelling (e.g., `I\hbox'). Otherwise just continue,
and I'll forget about whatever was undefined.


! LaTeX Error: Missing \begin{document}.

See the LaTeX manual or LaTeX Companion for explanation.
Type  H <return>  for immediate help.
 ...                                              
                                                  
l.22 \newgeometry{t
                   op=2cm,bottom=2cm,right=1cm,left=3cm}
You're in trouble here.  Try typing  <return>  to proceed.
If that doesn't work, type  X <return>  to quit.

Missing character: There is no t in font nullfont!
Missing character: There is no o in font nullfont!
Missing character: There is no p in font nullfont!
Missing character: There is no = in font nullfont!
Missing character: There is no 2 in font nullfont!
Missing character: There is no c in font nullfont!
Missing character: There is no m in font nullfont!
Missing character: There is no , in font nullfont!
Missing character: There is no b in font nullfont!
Missing character: There is no o in font nullfont!
Missing character: There is no t in font nullfont!
Missing character: There is no t in font nullfont!
Missing character: There is no o in font nullfont!
Missing character: There is no m in font nullfont!
Missing character: There is no = in font nullfont!
Missing character: There is no 2 in font nullfont!
Missing character: There is no c in font nullfont!
Missing character: There is no m in font nullfont!
Missing character: There is no , in font nullfont!
Missing character: There is no r in font nullfont!
Missing character: There is no i in font nullfont!
Missing character: There is no g in font nullfont!
Missing character: There is no h in font nullfont!
Missing character: There is no t in font nullfont!
Missing character: There is no = in font nullfont!
Missing character: There is no 1 in font nullfont!
Missing character: There is no c in font nullfont!
Missing character: There is no m in font nullfont!
Missing character: There is no , in font nullfont!
Missing character: There is no l in font nullfont!
Missing character: There is no e in font nullfont!
Missing character: There is no f in font nullfont!
Missing character: There is no t in font nullfont!
Missing character: There is no = in font nullfont!
Missing character: There is no 3 in font nullfont!
Missing character: There is no c in font nullfont!
Missing character: There is no m in font nullfont!

Overfull \hbox (20.0pt too wide) in paragraph at lines 22--23
[] 
 []


! LaTeX Error: \usepackage before \documentclass.

See the LaTeX manual or LaTeX Companion for explanation.
Type  H <return>  for immediate help.
 ...                                              
                                                  
l.24 \usepackage{
                 lastpage}
\usepackage may only appear in the document preamble, i.e.,
between \documentclass and \begin{document}.


! LaTeX Error: \usepackage before \documentclass.

See the LaTeX manual or LaTeX Companion for explanation.
Type  H <return>  for immediate help.
 ...                                              
                                                  
l.25 \usepackage{
                 totcount}
\usepackage may only appear in the document preamble, i.e.,
between \documentclass and \begin{document}.

! Undefined control sequence.
l.26 \newtotcounter
                   {tableqty}
The control sequence at the end of the top line
of your error message was never \def'ed. If you have
misspelled it (e.g., `\hobx'), type `I' and the correct
spelling (e.g., `I\hbox'). Otherwise just continue,
and I'll forget about whatever was undefined.


! LaTeX Error: Missing \begin{document}.

See the LaTeX manual or LaTeX Companion for explanation.
Type  H <return>  for immediate help.
 ...                                              
                                                  
l.26 \newtotcounter{t
                     ableqty}
You're in trouble here.  Try typing  <return>  to proceed.
If that doesn't work, type  X <return>  to quit.

Missing character: There is no t in font nullfont!
Missing character: There is no a in font nullfont!
Missing character: There is no b in font nullfont!
Missing character: There is no l in font nullfont!
Missing character: There is no e in font nullfont!
Missing character: There is no q in font nullfont!
Missing character: There is no t in font nullfont!
Missing character: There is no y in font nullfont!
! Undefined control sequence.
l.27 \newtotcounter
                   {bibqty}
The control sequence at the end of the top line
of your error message was never \def'ed. If you have
misspelled it (e.g., `\hobx'), type `I' and the correct
spelling (e.g., `I\hbox'). Otherwise just continue,
and I'll forget about whatever was undefined.

Missing character: There is no b in font nullfont!
Missing character: There is no i in font nullfont!
Missing character: There is no b in font nullfont!
Missing character: There is no q in font nullfont!
Missing character: There is no t in font nullfont!
Missing character: There is no y in font nullfont!
! Undefined control sequence.
l.28 \regtotcounter
                   {figure}
The control sequence at the end of the top line
of your error message was never \def'ed. If you have
misspelled it (e.g., `\hobx'), type `I' and the correct
spelling (e.g., `I\hbox'). Otherwise just continue,
and I'll forget about whatever was undefined.

Missing character: There is no f in font nullfont!
Missing character: There is no i in font nullfont!
Missing character: There is no g in font nullfont!
Missing character: There is no u in font nullfont!
Missing character: There is no r in font nullfont!
Missing character: There is no e in font nullfont!

Overfull \hbox (20.0pt too wide) in paragraph at lines 26--29
[]
 []


! LaTeX Error: \usepackage before \documentclass.

See the LaTeX manual or LaTeX Companion for explanation.
Type  H <return>  for immediate help.
 ...                                              
                                                  
l.30 ...ck=false,font=normalsize,labelsep=endash]{
                                                  caption}
\usepackage may only appear in the document preamble, i.e.,
between \documentclass and \begin{document}.


! LaTeX Error: \usepackage before \documentclass.

See the LaTeX manual or LaTeX Companion for explanation.
Type  H <return>  for immediate help.
 ...                                              
                                                  
l.32 \usepackage[numbers]{
                          natbib}
\usepackage may only appear in the document preamble, i.e.,
between \documentclass and \begin{document}.

! Undefined control sequence.
l.33 \bibpunct
              {}{}{,}{s}{}{,}
The control sequence at the end of the top line
of your error message was never \def'ed. If you have
misspelled it (e.g., `\hobx'), type `I' and the correct
spelling (e.g., `I\hbox'). Otherwise just continue,
and I'll forget about whatever was undefined.


! LaTeX Error: Missing \begin{document}.

See the LaTeX manual or LaTeX Companion for explanation.
Type  H <return>  for immediate help.
 ...                                              
                                                  
l.33 \bibpunct{}{}{,
                    }{s}{}{,}
You're in trouble here.  Try typing  <return>  to proceed.
If that doesn't work, type  X <return>  to quit.

Missing character: There is no , in font nullfont!
Missing character: There is no s in font nullfont!
Missing character: There is no , in font nullfont!

! LaTeX Error: Command \bibnumfmt undefined.

See the LaTeX manual or LaTeX Companion for explanation.
Type  H <return>  for immediate help.
 ...                                              
                                                  
l.34 \renewcommand*{\bibnumfmt}
                               [1]{#1.}
Try typing  <return>  to proceed.
If that doesn't work, type  X <return>  to quit.


! LaTeX Error: Command \bibsection undefined.

See the LaTeX manual or LaTeX Companion for explanation.
Type  H <return>  for immediate help.
 ...                                              
                                                  
l.35 \renewcommand{\bibsection}
                               {\chapter*{\hfill{}–°–ü–ò–°–û–ö –ò–°–ü–û–õ–¨–...

Try typing  <return>  to proceed.
If that doesn't work, type  X <return>  to quit.


Overfull \hbox (20.0pt too wide) in paragraph at lines 33--36
[]
 []


! LaTeX Error: \usepackage before \documentclass.

See the LaTeX manual or LaTeX Companion for explanation.
Type  H <return>  for immediate help.
 ...                                              
                                                  
l.37 \usepackage{
                 tocloft}
\usepackage may only appear in the document preamble, i.e.,
between \documentclass and \begin{document}.


! LaTeX Error: Command \cftchapfont undefined.

See the LaTeX manual or LaTeX Companion for explanation.
Type  H <return>  for immediate help.
 ...                                              
                                                  
l.39 \renewcommand{\cftchapfont}
                                {\normalfont}
Try typing  <return>  to proceed.
If that doesn't work, type  X <return>  to quit.


! LaTeX Error: Command \cfttoctitlefont undefined.

See the LaTeX manual or LaTeX Companion for explanation.
Type  H <return>  for immediate help.
 ...                                              
                                                  
l.40 \renewcommand{\cfttoctitlefont}
                                    {\hfill\bfseries}
Try typing  <return>  to proceed.
If that doesn't work, type  X <return>  to quit.


! LaTeX Error: Command \cftaftertoctitle undefined.

See the LaTeX manual or LaTeX Companion for explanation.
Type  H <return>  for immediate help.
 ...                                              
                                                  
l.41 \renewcommand{\cftaftertoctitle}
                                     {\hfill}
Try typing  <return>  to proceed.
If that doesn't work, type  X <return>  to quit.


! LaTeX Error: Command \cftchappagefont undefined.

See the LaTeX manual or LaTeX Companion for explanation.
Type  H <return>  for immediate help.
 ...                                              
                                                  
l.42 \renewcommand{\cftchappagefont}
                                    {\normalfont}
Try typing  <return>  to proceed.
If that doesn't work, type  X <return>  to quit.


! LaTeX Error: Command \cftchapleader undefined.

See the LaTeX manual or LaTeX Companion for explanation.
Type  H <return>  for immediate help.
 ...                                              
                                                  
l.43 \renewcommand{\cftchapleader}
                                  {\cftdotfill{\cftdotsep}}
Try typing  <return>  to proceed.
If that doesn't work, type  X <return>  to quit.

! Undefined control sequence.
<argument> \cftbeforetoctitleskip 
                                  
l.44 \setlength{\cftbeforetoctitleskip}{-2em}
                                             
The control sequence at the end of the top line
of your error message was never \def'ed. If you have
misspelled it (e.g., `\hobx'), type `I' and the correct
spelling (e.g., `I\hbox'). Otherwise just continue,
and I'll forget about whatever was undefined.


! LaTeX Error: Missing \begin{document}.

See the LaTeX manual or LaTeX Companion for explanation.
Type  H <return>  for immediate help.
 ...                                              
                                                  
l.44 \setlength{\cftbeforetoctitleskip}{-2em}
                                             
You're in trouble here.  Try typing  <return>  to proceed.
If that doesn't work, type  X <return>  to quit.

Missing character: There is no - in font nullfont!
Missing character: There is no 2 in font nullfont!
Missing character: There is no e in font nullfont!
Missing character: There is no m in font nullfont!

Overfull \hbox (20.0pt too wide) in paragraph at lines 44--45
[] 
 []

! Undefined control sequence.
l.47 \addto
           \captionsrussian{\renewcommand{\contentsname}{–û–ì–õ–ê–í–õ–ï–ù–ò–...
The control sequence at the end of the top line
of your error message was never \def'ed. If you have
misspelled it (e.g., `\hobx'), type `I' and the correct
spelling (e.g., `I\hbox'). Otherwise just continue,
and I'll forget about whatever was undefined.

! Undefined control sequence.
l.47 \addto\captionsrussian
                           {\renewcommand{\contentsname}{–û–ì–õ–ê–í–õ–ï–ù–ò–...
The control sequence at the end of the top line
of your error message was never \def'ed. If you have
misspelled it (e.g., `\hobx'), type `I' and the correct
spelling (e.g., `I\hbox'). Otherwise just continue,
and I'll forget about whatever was undefined.


! LaTeX Error: Command \contentsname undefined.

See the LaTeX manual or LaTeX Companion for explanation.
Type  H <return>  for immediate help.
 ...                                              
                                                  
l.47 ...ptionsrussian{\renewcommand{\contentsname}
                                                  {–û–ì–õ–ê–í–õ–ï–ù–ò–ï\hfill}}

Try typing  <return>  to proceed.
If that doesn't work, type  X <return>  to quit.


! LaTeX Error: \usepackage before \documentclass.

See the LaTeX manual or LaTeX Companion for explanation.
Type  H <return>  for immediate help.
 ...                                              
                                                  
l.50 \usepackage{
                 titlesec}
\usepackage may only appear in the document preamble, i.e.,
between \documentclass and \begin{document}.

! Undefined control sequence.
l.52 \titleformat
                 {\chapter}
The control sequence at the end of the top line
of your error message was never \def'ed. If you have
misspelled it (e.g., `\hobx'), type `I' and the correct
spelling (e.g., `I\hbox'). Otherwise just continue,
and I'll forget about whatever was undefined.

! Undefined control sequence.
l.52 \titleformat{\chapter
                          }
The control sequence at the end of the top line
of your error message was never \def'ed. If you have
misspelled it (e.g., `\hobx'), type `I' and the correct
spelling (e.g., `I\hbox'). Otherwise just continue,
and I'll forget about whatever was undefined.


! LaTeX Error: The font size command \normalsize is not defined:
               there is probably something wrong with the class file.

See the LaTeX manual or LaTeX Companion for explanation.
Type  H <return>  for immediate help.
 ...                                              
                                                  
l.53 {\bfseries\normalsize
                          }
Your command was ignored.
Type  I <command> <return>  to replace it with another command,
or  <return>  to continue without it.


! LaTeX Error: Missing \begin{document}.

See the LaTeX manual or LaTeX Companion for explanation.
Type  H <return>  for immediate help.
 ...                                              
                                                  
l.54 {\hspace{1.25cm}
                     \thechapter\quad}
You're in trouble here.  Try typing  <return>  to proceed.
If that doesn't work, type  X <return>  to quit.

! Undefined control sequence.
l.54 {\hspace{1.25cm}\thechapter
                                \quad}
The control sequence at the end of the top line
of your error message was never \def'ed. If you have
misspelled it (e.g., `\hobx'), type `I' and the correct
spelling (e.g., `I\hbox'). Otherwise just continue,
and I'll forget about whatever was undefined.

Missing character: There is no 0 in font nullfont!
Missing character: There is no c in font nullfont!
Missing character: There is no m in font nullfont!
! Undefined control sequence.
l.57 \titlespacing
                  *{\chapter}{0cm}{-1.25cm}{0cm}
The control sequence at the end of the top line
of your error message was never \def'ed. If you have
misspelled it (e.g., `\hobx'), type `I' and the correct
spelling (e.g., `I\hbox'). Otherwise just continue,
and I'll forget about whatever was undefined.

Missing character: There is no * in font nullfont!
! Undefined control sequence.
l.57 \titlespacing*{\chapter
                            }{0cm}{-1.25cm}{0cm}
The control sequence at the end of the top line
of your error message was never \def'ed. If you have
misspelled it (e.g., `\hobx'), type `I' and the correct
spelling (e.g., `I\hbox'). Otherwise just continue,
and I'll forget about whatever was undefined.

Missing character: There is no 0 in font nullfont!
Missing character: There is no c in font nullfont!
Missing character: There is no m in font nullfont!
Missing character: There is no - in font nullfont!
Missing character: There is no 1 in font nullfont!
Missing character: There is no . in font nullfont!
Missing character: There is no 2 in font nullfont!
Missing character: There is no 5 in font nullfont!
Missing character: There is no c in font nullfont!
Missing character: There is no m in font nullfont!
Missing character: There is no 0 in font nullfont!
Missing character: There is no c in font nullfont!
Missing character: There is no m in font nullfont!

Overfull \hbox (20.0pt too wide) in paragraph at lines 54--58
[]
 []

! Undefined control sequence.
l.59 \titleformat
                 {\section}
The control sequence at the end of the top line
of your error message was never \def'ed. If you have
misspelled it (e.g., `\hobx'), type `I' and the correct
spelling (e.g., `I\hbox'). Otherwise just continue,
and I'll forget about whatever was undefined.

! Undefined control sequence.
l.59 \titleformat{\section
                          }
The control sequence at the end of the top line
of your error message was never \def'ed. If you have
misspelled it (e.g., `\hobx'), type `I' and the correct
spelling (e.g., `I\hbox'). Otherwise just continue,
and I'll forget about whatever was undefined.


! LaTeX Error: The font size command \normalsize is not defined:
               there is probably something wrong with the class file.

See the LaTeX manual or LaTeX Companion for explanation.
Type  H <return>  for immediate help.
 ...                                              
                                                  
l.60 {\bfseries\normalsize
                          }
Your command was ignored.
Type  I <command> <return>  to replace it with another command,
or  <return>  to continue without it.


! LaTeX Error: Missing \begin{document}.

See the LaTeX manual or LaTeX Companion for explanation.
Type  H <return>  for immediate help.
 ...                                              
                                                  
l.61 {\hspace{1.25cm}
                     \thesection\quad}
You're in trouble here.  Try typing  <return>  to proceed.
If that doesn't work, type  X <return>  to quit.

! Undefined control sequence.
l.61 {\hspace{1.25cm}\thesection
                                \quad}
The control sequence at the end of the top line
of your error message was never \def'ed. If you have
misspelled it (e.g., `\hobx'), type `I' and the correct
spelling (e.g., `I\hbox'). Otherwise just continue,
and I'll forget about whatever was undefined.

Missing character: There is no 0 in font nullfont!
Missing character: There is no c in font nullfont!
Missing character: There is no m in font nullfont!

Overfull \hbox (20.0pt too wide) in paragraph at lines 61--64
[]
 []

! Undefined control sequence.
l.65 \titleformat
                 {\subsection}
The control sequence at the end of the top line
of your error message was never \def'ed. If you have
misspelled it (e.g., `\hobx'), type `I' and the correct
spelling (e.g., `I\hbox'). Otherwise just continue,
and I'll forget about whatever was undefined.

! Undefined control sequence.
l.65 \titleformat{\subsection
                             }
The control sequence at the end of the top line
of your error message was never \def'ed. If you have
misspelled it (e.g., `\hobx'), type `I' and the correct
spelling (e.g., `I\hbox'). Otherwise just continue,
and I'll forget about whatever was undefined.


! LaTeX Error: The font size command \normalsize is not defined:
               there is probably something wrong with the class file.

See the LaTeX manual or LaTeX Companion for explanation.
Type  H <return>  for immediate help.
 ...                                              
                                                  
l.66 {\bfseries\normalsize
                          }
Your command was ignored.
Type  I <command> <return>  to replace it with another command,
or  <return>  to continue without it.


! LaTeX Error: Missing \begin{document}.

See the LaTeX manual or LaTeX Companion for explanation.
Type  H <return>  for immediate help.
 ...                                              
                                                  
l.67 {\hspace{1.25cm}
                     \thesubsection\quad}
You're in trouble here.  Try typing  <return>  to proceed.
If that doesn't work, type  X <return>  to quit.

! Undefined control sequence.
l.67 {\hspace{1.25cm}\thesubsection
                                   \quad}
The control sequence at the end of the top line
of your error message was never \def'ed. If you have
misspelled it (e.g., `\hobx'), type `I' and the correct
spelling (e.g., `I\hbox'). Otherwise just continue,
and I'll forget about whatever was undefined.

Missing character: There is no 0 in font nullfont!
Missing character: There is no c in font nullfont!
Missing character: There is no m in font nullfont!

Overfull \hbox (20.0pt too wide) in paragraph at lines 67--70
[]
 []


! LaTeX Error: \usepackage before \documentclass.

See the LaTeX manual or LaTeX Companion for explanation.
Type  H <return>  for immediate help.
 ...                                              
                                                  
l.77 \usepackage{
                 listings}
\usepackage may only appear in the document preamble, i.e.,
between \documentclass and \begin{document}.

! Undefined control sequence.
l.79 \lstset
            {
The control sequence at the end of the top line
of your error message was never \def'ed. If you have
misspelled it (e.g., `\hobx'), type `I' and the correct
spelling (e.g., `I\hbox'). Otherwise just continue,
and I'll forget about whatever was undefined.


! LaTeX Error: Missing \begin{document}.

See the LaTeX manual or LaTeX Companion for explanation.
Type  H <return>  for immediate help.
 ...                                              
                                                  
l.80     l
          anguage=python,
You're in trouble here.  Try typing  <return>  to proceed.
If that doesn't work, type  X <return>  to quit.

Missing character: There is no l in font nullfont!
Missing character: There is no a in font nullfont!
Missing character: There is no n in font nullfont!
Missing character: There is no g in font nullfont!
Missing character: There is no u in font nullfont!
Missing character: There is no a in font nullfont!
Missing character: There is no g in font nullfont!
Missing character: There is no e in font nullfont!
Missing character: There is no = in font nullfont!
Missing character: There is no p in font nullfont!
Missing character: There is no y in font nullfont!
Missing character: There is no t in font nullfont!
Missing character: There is no h in font nullfont!
Missing character: There is no o in font nullfont!
Missing character: There is no n in font nullfont!
Missing character: There is no , in font nullfont!
Missing character: There is no b in font nullfont!
Missing character: There is no a in font nullfont!
Missing character: There is no s in font nullfont!
Missing character: There is no i in font nullfont!
Missing character: There is no c in font nullfont!
Missing character: There is no s in font nullfont!
Missing character: There is no t in font nullfont!
Missing character: There is no y in font nullfont!
Missing character: There is no l in font nullfont!
Missing character: There is no e in font nullfont!
Missing character: There is no = in font nullfont!
! Undefined control sequence.
l.81     basicstyle= \footnotesize
                                  \ttfamily,
The control sequence at the end of the top line
of your error message was never \def'ed. If you have
misspelled it (e.g., `\hobx'), type `I' and the correct
spelling (e.g., `I\hbox'). Otherwise just continue,
and I'll forget about whatever was undefined.

! Undefined control sequence.
l.86     numberstyle=\footnotesize
                                  ,
The control sequence at the end of the top line
of your error message was never \def'ed. If you have
misspelled it (e.g., `\hobx'), type `I' and the correct
spelling (e.g., `I\hbox'). Otherwise just continue,
and I'll forget about whatever was undefined.


! LaTeX Error: Environment russian undefined.

See the LaTeX manual or LaTeX Companion for explanation.
Type  H <return>  for immediate help.
 ...                                              
                                                  
l.93     escapebegin=\begin{russian}
                                    \commentfont,
Your command was ignored.
Type  I <command> <return>  to replace it with another command,
or  <return>  to continue without it.

! Undefined control sequence.
l.93     escapebegin=\begin{russian}\commentfont
                                                ,
The control sequence at the end of the top line
of your error message was never \def'ed. If you have
misspelled it (e.g., `\hobx'), type `I' and the correct
spelling (e.g., `I\hbox'). Otherwise just continue,
and I'll forget about whatever was undefined.


! LaTeX Error: \begin{document} ended by \end{russian}.

See the LaTeX manual or LaTeX Companion for explanation.
Type  H <return>  for immediate help.
 ...                                              
                                                  
l.94     escapeend=\end{russian}
                                ,
Your command was ignored.
Type  I <command> <return>  to replace it with another command,
or  <return>  to continue without it.


! LaTeX Error: Unicode character –∞ (U+0430)
               not set up for use with LaTeX.

See the LaTeX manual or LaTeX Companion for explanation.
Type  H <return>  for immediate help.
 ...                                              
                                                  
l.103     {–∞
             }{{\selectfont\char224}}1
You may provide a definition with
\DeclareUnicodeCharacter 

Missing character: There is no ‡ in font cmtt10!

! LaTeX Error: Unicode character –± (U+0431)
               not set up for use with LaTeX.

See the LaTeX manual or LaTeX Companion for explanation.
Type  H <return>  for immediate help.
 ...                                              
                                                  
l.104     {–±
             }{{\selectfont\char225}}1
You may provide a definition with
\DeclareUnicodeCharacter 

Missing character: There is no · in font cmtt10!

! LaTeX Error: Unicode character –≤ (U+0432)
               not set up for use with LaTeX.

See the LaTeX manual or LaTeX Companion for explanation.
Type  H <return>  for immediate help.
 ...                                              
                                                  
l.105     {–≤
             }{{\selectfont\char226}}1
You may provide a definition with
\DeclareUnicodeCharacter 

Missing character: There is no ‚ in font cmtt10!

! LaTeX Error: Unicode character –≥ (U+0433)
               not set up for use with LaTeX.

See the LaTeX manual or LaTeX Companion for explanation.
Type  H <return>  for immediate help.
 ...                                              
                                                  
l.106     {–≥
             }{{\selectfont\char227}}1
You may provide a definition with
\DeclareUnicodeCharacter 

Missing character: There is no „ in font cmtt10!

! LaTeX Error: Unicode character –¥ (U+0434)
               not set up for use with LaTeX.

See the LaTeX manual or LaTeX Companion for explanation.
Type  H <return>  for immediate help.
 ...                                              
                                                  
l.107     {–¥
             }{{\selectfont\char228}}1
You may provide a definition with
\DeclareUnicodeCharacter 

Missing character: There is no ‰ in font cmtt10!

! LaTeX Error: Unicode character –µ (U+0435)
               not set up for use with LaTeX.

See the LaTeX manual or LaTeX Companion for explanation.
Type  H <return>  for immediate help.
 ...                                              
                                                  
l.108     {–µ
             }{{\selectfont\char229}}1
You may provide a definition with
\DeclareUnicodeCharacter 

Missing character: There is no Â in font cmtt10!

! LaTeX Error: Unicode character —ë (U+0451)
               not set up for use with LaTeX.

See the LaTeX manual or LaTeX Companion for explanation.
Type  H <return>  for immediate help.
 ...                                              
                                                  
l.109     {—ë
             }{{\"e}}1
You may provide a definition with
\DeclareUnicodeCharacter 


! LaTeX Error: Unicode character –∂ (U+0436)
               not set up for use with LaTeX.

See the LaTeX manual or LaTeX Companion for explanation.
Type  H <return>  for immediate help.
 ...                                              
                                                  
l.110     {–∂
             }{{\selectfont\char230}}1
You may provide a definition with
\DeclareUnicodeCharacter 

Missing character: There is no Ê in font cmtt10!

! LaTeX Error: Unicode character –∑ (U+0437)
               not set up for use with LaTeX.

See the LaTeX manual or LaTeX Companion for explanation.
Type  H <return>  for immediate help.
 ...                                              
                                                  
l.111     {–∑
             }{{\selectfont\char231}}1
You may provide a definition with
\DeclareUnicodeCharacter 

Missing character: There is no Á in font cmtt10!

! LaTeX Error: Unicode character –∏ (U+0438)
               not set up for use with LaTeX.

See the LaTeX manual or LaTeX Companion for explanation.
Type  H <return>  for immediate help.
 ...                                              
                                                  
l.112     {–∏
             }{{\selectfont\char232}}1
You may provide a definition with
\DeclareUnicodeCharacter 

Missing character: There is no Ë in font cmtt10!

! LaTeX Error: Unicode character –π (U+0439)
               not set up for use with LaTeX.

See the LaTeX manual or LaTeX Companion for explanation.
Type  H <return>  for immediate help.
 ...                                              
                                                  
l.113     {–π
             }{{\selectfont\char233}}1
You may provide a definition with
\DeclareUnicodeCharacter 

Missing character: There is no È in font cmtt10!

! LaTeX Error: Unicode character –∫ (U+043A)
               not set up for use with LaTeX.

See the LaTeX manual or LaTeX Companion for explanation.
Type  H <return>  for immediate help.
 ...                                              
                                                  
l.114     {–∫
             }{{\selectfont\char234}}1
You may provide a definition with
\DeclareUnicodeCharacter 

Missing character: There is no Í in font cmtt10!

! LaTeX Error: Unicode character –ª (U+043B)
               not set up for use with LaTeX.

See the LaTeX manual or LaTeX Companion for explanation.
Type  H <return>  for immediate help.
 ...                                              
                                                  
l.115     {–ª
             }{{\selectfont\char235}}1
You may provide a definition with
\DeclareUnicodeCharacter 

Missing character: There is no Î in font cmtt10!

! LaTeX Error: Unicode character –º (U+043C)
               not set up for use with LaTeX.

See the LaTeX manual or LaTeX Companion for explanation.
Type  H <return>  for immediate help.
 ...                                              
                                                  
l.116     {–º
             }{{\selectfont\char236}}1
You may provide a definition with
\DeclareUnicodeCharacter 

Missing character: There is no Ï in font cmtt10!

! LaTeX Error: Unicode character –Ω (U+043D)
               not set up for use with LaTeX.

See the LaTeX manual or LaTeX Companion for explanation.
Type  H <return>  for immediate help.
 ...                                              
                                                  
l.117     {–Ω
             }{{\selectfont\char237}}1
You may provide a definition with
\DeclareUnicodeCharacter 

Missing character: There is no Ì in font cmtt10!

! LaTeX Error: Unicode character –æ (U+043E)
               not set up for use with LaTeX.

See the LaTeX manual or LaTeX Companion for explanation.
Type  H <return>  for immediate help.
 ...                                              
                                                  
l.118     {–æ
             }{{\selectfont\char238}}1
You may provide a definition with
\DeclareUnicodeCharacter 

Missing character: There is no Ó in font cmtt10!

! LaTeX Error: Unicode character –ø (U+043F)
               not set up for use with LaTeX.

See the LaTeX manual or LaTeX Companion for explanation.
Type  H <return>  for immediate help.
 ...                                              
                                                  
l.119     {–ø
             }{{\selectfont\char239}}1
You may provide a definition with
\DeclareUnicodeCharacter 

Missing character: There is no Ô in font cmtt10!

! LaTeX Error: Unicode character —Ä (U+0440)
               not set up for use with LaTeX.

See the LaTeX manual or LaTeX Companion for explanation.
Type  H <return>  for immediate help.
 ...                                              
                                                  
l.120     {—Ä
             }{{\selectfont\char240}}1
You may provide a definition with
\DeclareUnicodeCharacter 

Missing character: There is no  in font cmtt10!

! LaTeX Error: Unicode character —Å (U+0441)
               not set up for use with LaTeX.

See the LaTeX manual or LaTeX Companion for explanation.
Type  H <return>  for immediate help.
 ...                                              
                                                  
l.121     {—Å
             }{{\selectfont\char241}}1
You may provide a definition with
\DeclareUnicodeCharacter 

Missing character: There is no Ò in font cmtt10!

! LaTeX Error: Unicode character —Ç (U+0442)
               not set up for use with LaTeX.

See the LaTeX manual or LaTeX Companion for explanation.
Type  H <return>  for immediate help.
 ...                                              
                                                  
l.122     {—Ç
             }{{\selectfont\char242}}1
You may provide a definition with
\DeclareUnicodeCharacter 

Missing character: There is no Ú in font cmtt10!

! LaTeX Error: Unicode character —É (U+0443)
               not set up for use with LaTeX.

See the LaTeX manual or LaTeX Companion for explanation.
Type  H <return>  for immediate help.
 ...                                              
                                                  
l.123     {—É
             }{{\selectfont\char243}}1
You may provide a definition with
\DeclareUnicodeCharacter 

Missing character: There is no Û in font cmtt10!

! LaTeX Error: Unicode character —Ñ (U+0444)
               not set up for use with LaTeX.

See the LaTeX manual or LaTeX Companion for explanation.
Type  H <return>  for immediate help.
 ...                                              
                                                  
l.124     {—Ñ
             }{{\selectfont\char244}}1
You may provide a definition with
\DeclareUnicodeCharacter 

Missing character: There is no Ù in font cmtt10!

! LaTeX Error: Unicode character —Ö (U+0445)
               not set up for use with LaTeX.

See the LaTeX manual or LaTeX Companion for explanation.
Type  H <return>  for immediate help.
 ...                                              
                                                  
l.125     {—Ö
             }{{\selectfont\char245}}1
You may provide a definition with
\DeclareUnicodeCharacter 

Missing character: There is no ı in font cmtt10!

! LaTeX Error: Unicode character —Ü (U+0446)
               not set up for use with LaTeX.

See the LaTeX manual or LaTeX Companion for explanation.
Type  H <return>  for immediate help.
 ...                                              
                                                  
l.126     {—Ü
             }{{\selectfont\char246}}1
You may provide a definition with
\DeclareUnicodeCharacter 

Missing character: There is no ˆ in font cmtt10!

! LaTeX Error: Unicode character —á (U+0447)
               not set up for use with LaTeX.

See the LaTeX manual or LaTeX Companion for explanation.
Type  H <return>  for immediate help.
 ...                                              
                                                  
l.127     {—á
             }{{\selectfont\char247}}1
You may provide a definition with
\DeclareUnicodeCharacter 

Missing character: There is no ˜ in font cmtt10!

! LaTeX Error: Unicode character —à (U+0448)
               not set up for use with LaTeX.

See the LaTeX manual or LaTeX Companion for explanation.
Type  H <return>  for immediate help.
 ...                                              
                                                  
l.128     {—à
             }{{\selectfont\char248}}1
You may provide a definition with
\DeclareUnicodeCharacter 

Missing character: There is no ¯ in font cmtt10!

! LaTeX Error: Unicode character —â (U+0449)
               not set up for use with LaTeX.

See the LaTeX manual or LaTeX Companion for explanation.
Type  H <return>  for immediate help.
 ...                                              
                                                  
l.129     {—â
             }{{\selectfont\char249}}1
You may provide a definition with
\DeclareUnicodeCharacter 

Missing character: There is no ˘ in font cmtt10!

! LaTeX Error: Unicode character —ä (U+044A)
               not set up for use with LaTeX.

See the LaTeX manual or LaTeX Companion for explanation.
Type  H <return>  for immediate help.
 ...                                              
                                                  
l.130     {—ä
             }{{\selectfont\char250}}1
You may provide a definition with
\DeclareUnicodeCharacter 

Missing character: There is no ˙ in font cmtt10!

! LaTeX Error: Unicode character —ã (U+044B)
               not set up for use with LaTeX.

See the LaTeX manual or LaTeX Companion for explanation.
Type  H <return>  for immediate help.
 ...                                              
                                                  
l.131     {—ã
             }{{\selectfont\char251}}1
You may provide a definition with
\DeclareUnicodeCharacter 

Missing character: There is no ˚ in font cmtt10!

! LaTeX Error: Unicode character —å (U+044C)
               not set up for use with LaTeX.

See the LaTeX manual or LaTeX Companion for explanation.
Type  H <return>  for immediate help.
 ...                                              
                                                  
l.132     {—å
             }{{\selectfont\char252}}1
You may provide a definition with
\DeclareUnicodeCharacter 

Missing character: There is no ¸ in font cmtt10!

! LaTeX Error: Unicode character —ç (U+044D)
               not set up for use with LaTeX.

See the LaTeX manual or LaTeX Companion for explanation.
Type  H <return>  for immediate help.
 ...                                              
                                                  
l.133     {—ç
             }{{\selectfont\char253}}1
You may provide a definition with
\DeclareUnicodeCharacter 

Missing character: There is no ˝ in font cmtt10!

! LaTeX Error: Unicode character —é (U+044E)
               not set up for use with LaTeX.

See the LaTeX manual or LaTeX Companion for explanation.
Type  H <return>  for immediate help.
 ...                                              
                                                  
l.134     {—é
             }{{\selectfont\char254}}1
You may provide a definition with
\DeclareUnicodeCharacter 

Missing character: There is no ˛ in font cmtt10!

! LaTeX Error: Unicode character —è (U+044F)
               not set up for use with LaTeX.

See the LaTeX manual or LaTeX Companion for explanation.
Type  H <return>  for immediate help.
 ...                                              
                                                  
l.135     {—è
             }{{\selectfont\char255}}1
You may provide a definition with
\DeclareUnicodeCharacter 

Missing character: There is no ˇ in font cmtt10!

! LaTeX Error: Unicode character –ê (U+0410)
               not set up for use with LaTeX.

See the LaTeX manual or LaTeX Companion for explanation.
Type  H <return>  for immediate help.
 ...                                              
                                                  
l.136     {–ê
             }{{\selectfont\char192}}1
You may provide a definition with
\DeclareUnicodeCharacter 

Missing character: There is no ¿ in font cmtt10!

! LaTeX Error: Unicode character –ë (U+0411)
               not set up for use with LaTeX.

See the LaTeX manual or LaTeX Companion for explanation.
Type  H <return>  for immediate help.
 ...                                              
                                                  
l.137     {–ë
             }{{\selectfont\char193}}1
You may provide a definition with
\DeclareUnicodeCharacter 

Missing character: There is no ¡ in font cmtt10!

! LaTeX Error: Unicode character –í (U+0412)
               not set up for use with LaTeX.

See the LaTeX manual or LaTeX Companion for explanation.
Type  H <return>  for immediate help.
 ...                                              
                                                  
l.138     {–í
             }{{\selectfont\char194}}1
You may provide a definition with
\DeclareUnicodeCharacter 

Missing character: There is no ¬ in font cmtt10!

! LaTeX Error: Unicode character –ì (U+0413)
               not set up for use with LaTeX.

See the LaTeX manual or LaTeX Companion for explanation.
Type  H <return>  for immediate help.
 ...                                              
                                                  
l.139     {–ì
             }{{\selectfont\char195}}1
You may provide a definition with
\DeclareUnicodeCharacter 

Missing character: There is no √ in font cmtt10!

! LaTeX Error: Unicode character –î (U+0414)
               not set up for use with LaTeX.

See the LaTeX manual or LaTeX Companion for explanation.
Type  H <return>  for immediate help.
 ...                                              
                                                  
l.140     {–î
             }{{\selectfont\char196}}1
You may provide a definition with
\DeclareUnicodeCharacter 

Missing character: There is no ƒ in font cmtt10!

! LaTeX Error: Unicode character –ï (U+0415)
               not set up for use with LaTeX.

See the LaTeX manual or LaTeX Companion for explanation.
Type  H <return>  for immediate help.
 ...                                              
                                                  
l.141     {–ï
             }{{\selectfont\char197}}1
You may provide a definition with
\DeclareUnicodeCharacter 

Missing character: There is no ≈ in font cmtt10!

! LaTeX Error: Unicode character –Å (U+0401)
               not set up for use with LaTeX.

See the LaTeX manual or LaTeX Companion for explanation.
Type  H <return>  for immediate help.
 ...                                              
                                                  
l.142     {–Å
             }{{\"E}}1
You may provide a definition with
\DeclareUnicodeCharacter 


! LaTeX Error: Unicode character –ñ (U+0416)
               not set up for use with LaTeX.

See the LaTeX manual or LaTeX Companion for explanation.
Type  H <return>  for immediate help.
 ...                                              
                                                  
l.143     {–ñ
             }{{\selectfont\char198}}1
You may provide a definition with
\DeclareUnicodeCharacter 

Missing character: There is no ∆ in font cmtt10!

! LaTeX Error: Unicode character –ó (U+0417)
               not set up for use with LaTeX.

See the LaTeX manual or LaTeX Companion for explanation.
Type  H <return>  for immediate help.
 ...                                              
                                                  
l.144     {–ó
             }{{\selectfont\char199}}1
You may provide a definition with
\DeclareUnicodeCharacter 

Missing character: There is no « in font cmtt10!

! LaTeX Error: Unicode character –ò (U+0418)
               not set up for use with LaTeX.

See the LaTeX manual or LaTeX Companion for explanation.
Type  H <return>  for immediate help.
 ...                                              
                                                  
l.145     {–ò
             }{{\selectfont\char200}}1
You may provide a definition with
\DeclareUnicodeCharacter 

Missing character: There is no » in font cmtt10!

! LaTeX Error: Unicode character –ô (U+0419)
               not set up for use with LaTeX.

See the LaTeX manual or LaTeX Companion for explanation.
Type  H <return>  for immediate help.
 ...                                              
                                                  
l.146     {–ô
             }{{\selectfont\char201}}1
You may provide a definition with
\DeclareUnicodeCharacter 

Missing character: There is no … in font cmtt10!

! LaTeX Error: Unicode character –ö (U+041A)
               not set up for use with LaTeX.

See the LaTeX manual or LaTeX Companion for explanation.
Type  H <return>  for immediate help.
 ...                                              
                                                  
l.147     {–ö
             }{{\selectfont\char202}}1
You may provide a definition with
\DeclareUnicodeCharacter 

Missing character: There is no   in font cmtt10!

! LaTeX Error: Unicode character –õ (U+041B)
               not set up for use with LaTeX.

See the LaTeX manual or LaTeX Companion for explanation.
Type  H <return>  for immediate help.
 ...                                              
                                                  
l.148     {–õ
             }{{\selectfont\char203}}1
You may provide a definition with
\DeclareUnicodeCharacter 

Missing character: There is no À in font cmtt10!

! LaTeX Error: Unicode character –ú (U+041C)
               not set up for use with LaTeX.

See the LaTeX manual or LaTeX Companion for explanation.
Type  H <return>  for immediate help.
 ...                                              
                                                  
l.149     {–ú
             }{{\selectfont\char204}}1
You may provide a definition with
\DeclareUnicodeCharacter 

Missing character: There is no Ã in font cmtt10!

! LaTeX Error: Unicode character –ù (U+041D)
               not set up for use with LaTeX.

See the LaTeX manual or LaTeX Companion for explanation.
Type  H <return>  for immediate help.
 ...                                              
                                                  
l.150     {–ù
             }{{\selectfont\char205}}1
You may provide a definition with
\DeclareUnicodeCharacter 

Missing character: There is no Õ in font cmtt10!

! LaTeX Error: Unicode character –û (U+041E)
               not set up for use with LaTeX.

See the LaTeX manual or LaTeX Companion for explanation.
Type  H <return>  for immediate help.
 ...                                              
                                                  
l.151     {–û
             }{{\selectfont\char206}}1
You may provide a definition with
\DeclareUnicodeCharacter 

Missing character: There is no Œ in font cmtt10!

! LaTeX Error: Unicode character –ü (U+041F)
               not set up for use with LaTeX.

See the LaTeX manual or LaTeX Companion for explanation.
Type  H <return>  for immediate help.
 ...                                              
                                                  
l.152     {–ü
             }{{\selectfont\char207}}1
You may provide a definition with
\DeclareUnicodeCharacter 

Missing character: There is no œ in font cmtt10!

! LaTeX Error: Unicode character –† (U+0420)
               not set up for use with LaTeX.

See the LaTeX manual or LaTeX Companion for explanation.
Type  H <return>  for immediate help.
 ...                                              
                                                  
l.153     {–†
             }{{\selectfont\char208}}1
You may provide a definition with
\DeclareUnicodeCharacter 

Missing character: There is no – in font cmtt10!

! LaTeX Error: Unicode character –° (U+0421)
               not set up for use with LaTeX.

See the LaTeX manual or LaTeX Companion for explanation.
Type  H <return>  for immediate help.
 ...                                              
                                                  
l.154     {–°
             }{{\selectfont\char209}}1
You may provide a definition with
\DeclareUnicodeCharacter 

Missing character: There is no — in font cmtt10!

! LaTeX Error: Unicode character –¢ (U+0422)
               not set up for use with LaTeX.

See the LaTeX manual or LaTeX Companion for explanation.
Type  H <return>  for immediate help.
 ...                                              
                                                  
l.155     {–¢
             }{{\selectfont\char210}}1
You may provide a definition with
\DeclareUnicodeCharacter 

Missing character: There is no “ in font cmtt10!

! LaTeX Error: Unicode character –£ (U+0423)
               not set up for use with LaTeX.

See the LaTeX manual or LaTeX Companion for explanation.
Type  H <return>  for immediate help.
 ...                                              
                                                  
l.156     {–£
             }{{\selectfont\char211}}1
You may provide a definition with
\DeclareUnicodeCharacter 

Missing character: There is no ” in font cmtt10!

! LaTeX Error: Unicode character –§ (U+0424)
               not set up for use with LaTeX.

See the LaTeX manual or LaTeX Companion for explanation.
Type  H <return>  for immediate help.
 ...                                              
                                                  
l.157     {–§
             }{{\selectfont\char212}}1
You may provide a definition with
\DeclareUnicodeCharacter 

Missing character: There is no ‘ in font cmtt10!

! LaTeX Error: Unicode character –• (U+0425)
               not set up for use with LaTeX.

See the LaTeX manual or LaTeX Companion for explanation.
Type  H <return>  for immediate help.
 ...                                              
                                                  
l.158     {–•
             }{{\selectfont\char213}}1
You may provide a definition with
\DeclareUnicodeCharacter 

Missing character: There is no ’ in font cmtt10!

! LaTeX Error: Unicode character –¶ (U+0426)
               not set up for use with LaTeX.

See the LaTeX manual or LaTeX Companion for explanation.
Type  H <return>  for immediate help.
 ...                                              
                                                  
l.159     {–¶
             }{{\selectfont\char214}}1
You may provide a definition with
\DeclareUnicodeCharacter 

Missing character: There is no ÷ in font cmtt10!

! LaTeX Error: Unicode character –ß (U+0427)
               not set up for use with LaTeX.

See the LaTeX manual or LaTeX Companion for explanation.
Type  H <return>  for immediate help.
 ...                                              
                                                  
l.160     {–ß
             }{{\selectfont\char215}}1
You may provide a definition with
\DeclareUnicodeCharacter 

Missing character: There is no ◊ in font cmtt10!

! LaTeX Error: Unicode character –® (U+0428)
               not set up for use with LaTeX.

See the LaTeX manual or LaTeX Companion for explanation.
Type  H <return>  for immediate help.
 ...                                              
                                                  
l.161     {–®
             }{{\selectfont\char216}}1
You may provide a definition with
\DeclareUnicodeCharacter 

Missing character: There is no ÿ in font cmtt10!

! LaTeX Error: Unicode character –© (U+0429)
               not set up for use with LaTeX.

See the LaTeX manual or LaTeX Companion for explanation.
Type  H <return>  for immediate help.
 ...                                              
                                                  
l.162     {–©
             }{{\selectfont\char217}}1
You may provide a definition with
\DeclareUnicodeCharacter 

Missing character: There is no Ÿ in font cmtt10!

! LaTeX Error: Unicode character –™ (U+042A)
               not set up for use with LaTeX.

See the LaTeX manual or LaTeX Companion for explanation.
Type  H <return>  for immediate help.
 ...                                              
                                                  
l.163     {–™
             }{{\selectfont\char218}}1
You may provide a definition with
\DeclareUnicodeCharacter 

Missing character: There is no ⁄ in font cmtt10!

! LaTeX Error: Unicode character –´ (U+042B)
               not set up for use with LaTeX.

See the LaTeX manual or LaTeX Companion for explanation.
Type  H <return>  for immediate help.
 ...                                              
                                                  
l.164     {–´
             }{{\selectfont\char219}}1
You may provide a definition with
\DeclareUnicodeCharacter 

Missing character: There is no € in font cmtt10!

! LaTeX Error: Unicode character –¨ (U+042C)
               not set up for use with LaTeX.

See the LaTeX manual or LaTeX Companion for explanation.
Type  H <return>  for immediate help.
 ...                                              
                                                  
l.165     {–¨
             }{{\selectfont\char220}}1
You may provide a definition with
\DeclareUnicodeCharacter 

Missing character: There is no ‹ in font cmtt10!

! LaTeX Error: Unicode character –≠ (U+042D)
               not set up for use with LaTeX.

See the LaTeX manual or LaTeX Companion for explanation.
Type  H <return>  for immediate help.
 ...                                              
                                                  
l.166     {–≠
             }{{\selectfont\char221}}1
You may provide a definition with
\DeclareUnicodeCharacter 

Missing character: There is no › in font cmtt10!

! LaTeX Error: Unicode character –Æ (U+042E)
               not set up for use with LaTeX.

See the LaTeX manual or LaTeX Companion for explanation.
Type  H <return>  for immediate help.
 ...                                              
                                                  
l.167     {–Æ
             }{{\selectfont\char222}}1
You may provide a definition with
\DeclareUnicodeCharacter 

Missing character: There is no ﬁ in font cmtt10!

! LaTeX Error: Unicode character –Ø (U+042F)
               not set up for use with LaTeX.

See the LaTeX manual or LaTeX Companion for explanation.
Type  H <return>  for immediate help.
 ...                                              
                                                  
l.168     {–Ø
             }{{\selectfont\char223}}1
You may provide a definition with
\DeclareUnicodeCharacter 

Missing character: There is no ﬂ in font cmtt10!

! LaTeX Error: Unicode character —ñ (U+0456)
               not set up for use with LaTeX.

See the LaTeX manual or LaTeX Companion for explanation.
Type  H <return>  for immediate help.
 ...                                              
                                                  
l.169     {—ñ
             }{{\selectfont\char105}}1
You may provide a definition with
\DeclareUnicodeCharacter 


! LaTeX Error: Unicode character —ó (U+0457)
               not set up for use with LaTeX.

See the LaTeX manual or LaTeX Companion for explanation.
Type  H <return>  for immediate help.
 ...                                              
                                                  
l.170     {—ó
             }{{\selectfont\char168}}1
You may provide a definition with
\DeclareUnicodeCharacter 

Missing character: There is no ® in font cmtt10!

! LaTeX Error: Unicode character —î (U+0454)
               not set up for use with LaTeX.

See the LaTeX manual or LaTeX Companion for explanation.
Type  H <return>  for immediate help.
 ...                                              
                                                  
l.171     {—î
             }{{\selectfont\char185}}1
You may provide a definition with
\DeclareUnicodeCharacter 

Missing character: There is no π in font cmtt10!

! LaTeX Error: Unicode character “ë (U+0491)
               not set up for use with LaTeX.

See the LaTeX manual or LaTeX Companion for explanation.
Type  H <return>  for immediate help.
 ...                                              
                                                  
l.172     {“ë
             }{{\selectfont\char160}}1
You may provide a definition with
\DeclareUnicodeCharacter 

Missing character: There is no † in font cmtt10!

! LaTeX Error: Unicode character –Ü (U+0406)
               not set up for use with LaTeX.

See the LaTeX manual or LaTeX Companion for explanation.
Type  H <return>  for immediate help.
 ...                                              
                                                  
l.173     {–Ü
             }{{\selectfont\char73}}1
You may provide a definition with
\DeclareUnicodeCharacter 


! LaTeX Error: Unicode character –á (U+0407)
               not set up for use with LaTeX.

See the LaTeX manual or LaTeX Companion for explanation.
Type  H <return>  for immediate help.
 ...                                              
                                                  
l.174     {–á
             }{{\selectfont\char136}}1
You may provide a definition with
\DeclareUnicodeCharacter 

Missing character: There is no à in font cmtt10!

! LaTeX Error: Unicode character –Ñ (U+0404)
               not set up for use with LaTeX.

See the LaTeX manual or LaTeX Companion for explanation.
Type  H <return>  for immediate help.
 ...                                              
                                                  
l.175     {–Ñ
             }{{\selectfont\char153}}1
You may provide a definition with
\DeclareUnicodeCharacter 

Missing character: There is no ô in font cmtt10!

! LaTeX Error: Unicode character “ê (U+0490)
               not set up for use with LaTeX.

See the LaTeX manual or LaTeX Companion for explanation.
Type  H <return>  for immediate help.
 ...                                              
                                                  
l.176     {“ê
             }{{\selectfont\char128}}1
You may provide a definition with
\DeclareUnicodeCharacter 

Missing character: There is no Ä in font cmtt10!
)
! Emergency stop.
<*> 00-preamble.tex
                   
*** (job aborted, no legal \end found)

 
Here is how much of TeX's memory you used:
 118 strings out of 479680
 1079 string characters out of 5886681
 286017 words of memory out of 5000000
 18180 multiletter control sequences out of 15000+600000
 469735 words of font info for 30 fonts, out of 8000000 for 9000
 452 hyphenation exceptions out of 8191
 13i,1n,12p,146b,68s stack positions out of 5000i,500n,10000p,200000b,80000s
!  ==> Fatal error occurred, no output PDF file produced!
